This is TeX, C Version 3.14t3 (format=lplain 93.12.9)  3 MAR 1995 15:56
**docu
(docu.tex
LaTeX Version 2.09 <25 March 1992>
(/usr/local/dist/DIR/TeX/lib/inputs/latex/report.sty
Standard Document Style `report' <14 Jan 92>.
(/usr/local/dist/DIR/TeX/lib/inputs/latex/rep12.sty)
\descriptionmargin=\dimen99
\c@part=\count79
\c@chapter=\count80
\c@section=\count81
\c@subsection=\count82
\c@subsubsection=\count83
\c@paragraph=\count84
\c@subparagraph=\count85
\c@figure=\count86
\c@table=\count87

(/usr/local/dist/DIR/TeX/lib/inputs/latex/titlepag.sty
Document Style Option `titlepage' -- Released 16 June 1991.
)) (/usr/local/dist/DIR/TeX/lib/inputs/clarkson/a4wide.sty
(/usr/local/dist/DIR/TeX/lib/inputs/misc/a4.sty
Style option `A4' 1.2a <30 Nov 90> (NP and JLB)
English documentation   <26 Feb 90> (JLB)
))
(/usr/local/jessen/TeX/lib/inputs/showlab.sty) (docu.aux) [0

] (docu.toc
[1

])
\tf@toc=\write3
 [2] [3]
Chapter 1.
(/home/schumann/papers/setheo-man/getting-started.tex
Underfull \hbox (badness 10000) in paragraph at lines 19--26


\hbox(0.0+0.0)x460.72124
.\penalty -10000
.\glue(\rightskip) 0.0


Underfull \hbox (badness 10000) in paragraph at lines 35--36


\hbox(0.0+0.0)x376.12216
.\glue(\rightskip) 0.0

[4

]
Underfull \hbox (badness 10000) in paragraph at lines 39--41


\hbox(0.0+0.0)x354.14995
.\glue(\rightskip) 0.0


Underfull \hbox (badness 10000) in paragraph at lines 71--83


\hbox(0.0+0.0)x460.72124
.\glue(\rightskip) 0.0


Underfull \hbox (badness 10000) in paragraph at lines 91--93


\hbox(0.0+0.0)x460.72124
.\glue(\rightskip) 0.0

[5] [6]
Overfull \hbox (8.579pt too wide) in paragraph at lines 153--153
[]    \cmtt/m/n/12 times_is(V,Z,W) <- times_is(X,Y,V) , times_is(Y,Z,U) , times
_is(X,U,W) .[] 

\hbox(8.33331+1.66667)x460.72124
.\hbox(0.0+0.0)x0.0
.\penalty 10000
.\glue 6.175
.\penalty 10000
.\glue 6.175
.etc.


Overfull \hbox (8.579pt too wide) in paragraph at lines 153--153
[]    \cmtt/m/n/12 times_is(X,U,W) <- times_is(X,Y,V) , times_is(Y,Z,U) , times
_is(V,Z,W) .[] 

\hbox(8.33331+1.66667)x460.72124
.\hbox(0.0+0.0)x0.0
.\penalty 10000
.\glue 6.175
.\penalty 10000
.\glue 6.175
.etc.


Overfull \hbox (4.43831pt too wide) in paragraph at lines 184--194
[]  \cmr/bx/n/12 wasm and in-wasm[] \cmr/m/n/12 The \cmr/m/it/12 in-wasm\cmr/m/
n/12 --module trans-lates LOP--code into assembler--code which

\hbox(8.33331+0.0)x460.72124, glue set - 1.0
.\hbox(0.0+0.0)x17.62482
.\glue -17.62482
.\glue 0.0
.\cmr/bx/n/12 w
.\kern-0.375
.etc.

[7] [8] [9]) [10] [11] (/home/schumann/papers/setheo-man/filenames.tex
LaTeX Warning: Reference `chap:2' on page 12 undefined on input line 5.
LaTeX Warning: Reference `chap:3' on page 12 undefined on input line 5.
LaTeX Warning: Reference `ch:syntax' on page 12 undefined on input line 9.

Overfull \hbox (29.83476pt too wide) in paragraph at lines 3--10
\cmr/m/n/12 sions are manda-tory and are \cmr/m/it/12 not \cmr/m/n/12 given whe
n a SETHEO com-mand (see Sec-tion [],[])

\hbox(9.0+3.0)x460.72124, glue set - 1.0
.\cmr/m/n/12 s
.\cmr/m/n/12 i
.\cmr/m/n/12 o
.\cmr/m/n/12 n
.\cmr/m/n/12 s
.etc.

LaTeX Warning: Reference `sec:pl1-syntax' on page 12 undefined on input line 19
.
LaTeX Warning: Reference `sec:plop2otter' on page 12 undefined on input line 22
.
LaTeX Warning: Reference `sec:lop-syntax' on page 12 undefined on input line 29
.
LaTeX Warning: Reference `chap:builtins' on page 12 undefined on input line 30.


Overfull \hbox (24.44133pt too wide) in paragraph at lines 25--33
\cmr/m/n/12 pred-i-cates which can be used for logic pro-gram-ming are listed i
n Chap-ter [].

\hbox(8.33331+2.66666)x431.34654, glue set - 1.0
.\cmr/m/n/12 p
.\cmr/m/n/12 r
.\cmr/m/n/12 e
.\cmr/m/n/12 d
.\discretionary
..\cmr/m/n/12 -
.etc.

LaTeX Warning: Reference `sec:tree-syntax' on page 12 undefined on input line 7
2.
[12]
LaTeX Warning: Reference `sec:xtab-syntax' on page 13 undefined on input line 9
1.
) [13]
Chapter 2.
(/home/ibens/Setheo/Users-Manual/style.tex)
\c@remark=\count88

(/home/ibens/Setheo/Users-Manual/sec-inwasm.tex
Underfull \hbox (badness 10000) in paragraph at lines 22--29
[]\cmtt/m/n/12 [-[no]purity] [-nofan] [-[no]reduct]

\hbox(8.33331+2.66666)x284.52756
.\hbox(0.0+0.0)x0.0
.\cmtt/m/n/12 [
.\cmtt/m/n/12 -
.\cmtt/m/n/12 [
.\cmtt/m/n/12 n
.etc.


Underfull \hbox (badness 10000) in paragraph at lines 22--29
\cmtt/m/n/12 [-nosgreord] [-noclreord] [-notree]

\hbox(8.33331+2.66666)x284.52756
.\cmtt/m/n/12 [
.\cmtt/m/n/12 -
.\cmtt/m/n/12 n
.\cmtt/m/n/12 o
.\cmtt/m/n/12 s
.etc.


Underfull \hbox (badness 10000) in paragraph at lines 22--29
\cmtt/m/n/12 [-randreord] [-eqpred] [-all] [-reg] [-subs]

\hbox(8.33331+2.66666)x284.52756
.\cmtt/m/n/12 [
.\cmtt/m/n/12 -
.\cmtt/m/n/12 r
.\cmtt/m/n/12 a
.\cmtt/m/n/12 n
.etc.


Underfull \hbox (badness 10000) in paragraph at lines 22--29
\cmtt/m/n/12 [-taut] [ -cons] [-foldup] [-foldupx]

\hbox(8.33331+2.66666)x284.52756
.\cmtt/m/n/12 [
.\cmtt/m/n/12 -
.\cmtt/m/n/12 t
.\cmtt/m/n/12 a
.\cmtt/m/n/12 u
.etc.


Underfull \hbox (badness 10000) in paragraph at lines 22--29
\cmtt/m/n/12 [-folddown] [-folddownx] [-[no]partialtree]

\hbox(8.33331+2.66666)x284.52756
.\cmtt/m/n/12 [
.\cmtt/m/n/12 -
.\cmtt/m/n/12 f
.\cmtt/m/n/12 o
.\cmtt/m/n/12 l
.etc.

[14

] [15]) (/home/ibens/Setheo/Users-Manual/sec-wasm.tex [16])
(/home/ibens/Setheo/Users-Manual/sec-sam.tex [17] [18])
(/home/ibens/Setheo/Users-Manual/sec-xptree.tex [19] [20] [21]) [22]
Chapter 3.
(/home/ibens/Setheo/Users-Manual/sec-setheo.tex [23

]) [24]
Chapter 4.
[25

]
Chapter 5.
(/home/schumann/papers/setheo-man/plop-syntax.tex [26

])
(/home/schumann/papers/setheo-man/lop-syntax.tex [27]
Overfull \hbox (2.40399pt too wide) in paragraph at lines 151--151
[]\cmtt/m/n/12 2. Strings of capital letters in the meta-language denote arbitr
ary strings[] 

\hbox(7.33333+2.66666)x460.72124
.\hbox(0.0+0.0)x0.0
.\cmtt/m/n/12 2
.\cmtt/m/n/12 .
.\penalty 10000
.\glue 6.175
.etc.


Overfull \hbox (2.40399pt too wide) in paragraph at lines 151--151
[]\cmtt/m/n/12 5. An empty space in the meta-language between strings designate
s arbitrary[] 

\hbox(7.33333+2.66666)x460.72124
.\hbox(0.0+0.0)x0.0
.\cmtt/m/n/12 5
.\cmtt/m/n/12 .
.\penalty 10000
.\glue 6.175
.etc.


Overfull \hbox (2.40399pt too wide) in paragraph at lines 151--151
[]   \cmtt/m/n/12 many concatenations of empty spaces and comments in the objec
t language,[] 

\hbox(7.33333+2.66666)x460.72124
.\hbox(0.0+0.0)x0.0
.\penalty 10000
.\glue 6.175
.\penalty 10000
.\glue 6.175
.etc.

[28] [29] [30]
Overfull \hbox (8.579pt too wide) in paragraph at lines 151--151
[]\cmtt/m/n/12 which is different from PROLOG. No predicate symbol must occur a
s a function[] 

\hbox(7.33333+2.66666)x460.72124
.\hbox(0.0+0.0)x0.0
.\cmtt/m/n/12 w
.\cmtt/m/n/12 h
.\cmtt/m/n/12 i
.\cmtt/m/n/12 c
.etc.


Overfull \hbox (8.579pt too wide) in paragraph at lines 151--151
[]\cmtt/m/n/12 symbol, and conversely. No predicate or function symbol must occ
ur with more[] 

\hbox(7.33333+2.66666)x460.72124
.\hbox(0.0+0.0)x0.0
.\cmtt/m/n/12 s
.\cmtt/m/n/12 y
.\cmtt/m/n/12 m
.\cmtt/m/n/12 b
.etc.


Overfull \hbox (2.40399pt too wide) in paragraph at lines 151--151
[]\cmtt/m/n/12 CONSTRAINS are syntactical disequations of terms. They can be co
nsidered as[] 

\hbox(7.33333+2.66666)x460.72124
.\hbox(0.0+0.0)x0.0
.\cmtt/m/n/12 C
.\cmtt/m/n/12 O
.\cmtt/m/n/12 N
.\cmtt/m/n/12 S
.etc.

) [31] [32] [33]
Overfull \hbox (79.7602pt too wide) in paragraph at lines 347--359
 [] 

\hbox(39.24997+33.24995)x460.72124
.\glue(\leftskip) 0.0 plus 1.0fil
.\hbox(39.24997+33.24995)x540.48143
..\mathon
..\vbox(39.24997+33.24995)x540.48143
...\hbox(10.14995+4.35004)x540.48143 []
...\glue(\lineskip) 0.0
...\hbox(10.14995+4.35004)x540.48143 []
...\glue(\lineskip) 0.0
...\hbox(10.14995+4.35004)x540.48143 []
...etc.
..\mathoff
.\penalty 10000
.\glue(\parfillskip) 0.0
.\glue(\rightskip) 0.0 plus 1.0fil

[34]
Chapter 6.
(/home/schumann/papers/setheo-man/built-ins-intro.tex
LaTeX Warning: Reference `sec:C-interface' on page 35 undefined on input line 1
3.
LaTeX Warning: Reference `sec:lop-syntax' on page 35 undefined on input line 18
.
) (/home/schumann/papers/setheo-man/built-ins.tex
Underfull \hbox (badness 10000) in paragraph at lines 13--14


\hbox(0.0+0.0)x431.34654
.\glue(\rightskip) 0.0

[35

]
Underfull \hbox (badness 10000) in paragraph at lines 63--64


\hbox(0.0+0.0)x431.34654
.\glue(\rightskip) 0.0

[36]
Underfull \hbox (badness 10000) in paragraph at lines 70--71


\hbox(0.0+0.0)x431.34654
.\glue(\rightskip) 0.0

[37] [38] [39] [40]) (/home/schumann/papers/setheo-man/queries.tex)
(/home/schumann/papers/setheo-man/add.tex [41]
Overfull \hbox (6.8622pt too wide) in paragraph at lines 28--30
[] []\cmr/m/n/12 predicates with that type are mapped to the SAM-assembler stat
e-ment \cmr/bx/n/12 built $\cmm/m/it/12 < maj[]nu >$

\hbox(8.33331+2.33331)x431.34654, glue set - 1.0
.\hbox(0.0+0.0)x0.0
.\glue 0.0
.\hbox(8.33331+0.0)x-15.99976
..\glue -29.3747
..\glue 0.0
..\glue -5.87494
..\hbox(8.33331+0.0)x13.37494
...\glue 5.87494
...\cmr/bx/n/12 b
..\glue 5.87494
.\penalty 0
.\cmr/m/n/12 p
.etc.

[42] [43] [44]) [45]
Chapter 7.
(/home/schumann/papers/setheo-man/limits.tex
Overfull \hbox (76.465pt too wide) in paragraph at lines 22--48
[] 

\hbox(162.89983+156.89983)x460.72124
.\hbox(162.89983+156.89983)x537.18623
..\mathon
..\vbox(162.89983+156.89983)x537.18623
...\hbox(10.14995+4.35004)x537.18623 []
...\rule(0.4+0.0)x537.18623
...\hbox(10.14995+4.35004)x537.18623 []
...\glue(\lineskip) 0.0
...\hbox(10.14995+4.35004)x537.18623 []
...etc.
..\mathoff
.\penalty 10000
.\glue(\parfillskip) 0.0 plus 1.0fil
.\glue(\rightskip) 0.0

) [46

] [47]
Chapter 8.
[48

] [49

] [50

] [51

] (docu.aux) ) 
Here is how much of TeX's memory you used:
 419 strings out of 4277
 4716 string characters out of 50564
 41773 words of memory out of 700001
 2473 multiletter control sequences out of 9500
 15131 words of font info for 62 fonts, out of 72000 for 255
 14 hyphenation exceptions out of 607
 16i,8n,17p,226b,340s stack positions out of 300i,40n,60p,3000b,4000s

Output written on docu.dvi (52 pages, 120880 bytes).
